2022-12-27 13:59:35,213 [Worker-6: Loading available Gradle versions] INFO  o.e.b.c.i.u.g.PublishedGradleVersions - Gradle version information cache is up-to-date. Trying to read.
2022-12-27 14:03:29,145 [Worker-16: Launching mavenrun-46e2dc2d-d0aa-40e9-9917-457a84fd5d2f] INFO  o.e.m.i.launch.MavenLaunchDelegate - C:\Users\T.Arvind\OneDrive\Desktop\new_web
2022-12-27 14:03:29,150 [Worker-16: Launching mavenrun-46e2dc2d-d0aa-40e9-9917-457a84fd5d2f] INFO  o.e.m.i.launch.MavenLaunchDelegate -  mvn -DarchetypeVersion=1.4 -Dpackage=org.kmit.new1 -DarchetypeGroupId=org.apache.maven.archetypes -DarchetypeArtifactId=maven-archetype-webapp -DgroupId=org.kmit -DartifactId=new1 -DoutputDirectory=C:\Users\T.Arvind\OneDrive\Desktop\new_web -Dversion=0.0.1-SNAPSHOT -Dstyle.color=always -U archetype:generate
2022-12-27 14:04:17,605 [Worker-20: Creating maven-archetype-webapp] INFO  o.e.m.c.i.p.ProjectConfigurationManager - Collecting project info '/pom.xml' C:\Users\T.Arvind\OneDrive\Desktop\new_web\new1\pom.xml
2022-12-27 14:04:20,632 [Worker-20: Creating maven-archetype-webapp] INFO  o.e.m.c.i.l.LifecycleMappingFactory - Using org.maven.ide.eclipse.wtp.WarLifecycleMapping lifecycle mapping for MavenProject: org.kmit:new1:0.0.1-SNAPSHOT @ C:\Users\T.Arvind\OneDrive\Desktop\new_web\new1\pom.xml.
2022-12-27 14:04:23,841 [Worker-20: Creating maven-archetype-webapp] INFO  o.e.m.j.i.AbstractJavaProjectConfigurator - Adding source folder /new1/src/main/java
2022-12-27 14:04:23,843 [Worker-20: Creating maven-archetype-webapp] INFO  o.e.m.j.i.AbstractJavaProjectConfigurator - Adding source folder /new1/src/test/java
2022-12-27 14:04:31,761 [Worker-20: Creating maven-archetype-webapp] INFO  o.e.m.c.i.p.ProjectConfigurationManager - Imported and configured 1 project(s) in 14 sec
2022-12-27 14:04:33,482 [Worker-22: Building] INFO  o.e.m.c.i.embedder.EclipseLogger - Using 'UTF-8' encoding to copy filtered resources.
2022-12-27 14:04:33,484 [Worker-22: Building] INFO  o.e.m.c.i.embedder.EclipseLogger - skip non existing resourceDirectory C:\Users\T.Arvind\OneDrive\Desktop\new_web\new1\src\main\resources
2022-12-27 14:04:33,504 [Worker-22: Building] INFO  o.e.m.c.i.embedder.EclipseLogger - Using 'UTF-8' encoding to copy filtered resources.
2022-12-27 14:04:33,505 [Worker-22: Building] INFO  o.e.m.c.i.embedder.EclipseLogger - skip non existing resourceDirectory C:\Users\T.Arvind\OneDrive\Desktop\new_web\new1\src\test\resources
2022-12-27 14:07:04,655 [Worker-16: Building] INFO  o.e.m.c.i.embedder.EclipseLogger - Using 'UTF-8' encoding to copy filtered resources.
2022-12-27 14:07:04,655 [Worker-16: Building] INFO  o.e.m.c.i.embedder.EclipseLogger - skip non existing resourceDirectory C:\Users\T.Arvind\OneDrive\Desktop\new_web\new1\src\main\resources
2022-12-27 14:07:04,659 [Worker-16: Building] INFO  o.e.m.c.i.embedder.EclipseLogger - Using 'UTF-8' encoding to copy filtered resources.
2022-12-27 14:07:04,659 [Worker-16: Building] INFO  o.e.m.c.i.embedder.EclipseLogger - skip non existing resourceDirectory C:\Users\T.Arvind\OneDrive\Desktop\new_web\new1\src\test\resources
2022-12-27 14:09:19,748 [Worker-28: Building] INFO  o.e.m.c.i.embedder.EclipseLogger - Using 'UTF-8' encoding to copy filtered resources.
2022-12-27 14:09:19,748 [Worker-28: Building] INFO  o.e.m.c.i.embedder.EclipseLogger - skip non existing resourceDirectory C:\Users\T.Arvind\OneDrive\Desktop\new_web\new1\src\main\resources
2022-12-27 14:09:19,752 [Worker-28: Building] INFO  o.e.m.c.i.embedder.EclipseLogger - Using 'UTF-8' encoding to copy filtered resources.
2022-12-27 14:09:19,752 [Worker-28: Building] INFO  o.e.m.c.i.embedder.EclipseLogger - skip non existing resourceDirectory C:\Users\T.Arvind\OneDrive\Desktop\new_web\new1\src\test\resources
2022-12-27 14:12:30,764 [Worker-28: Building] INFO  o.e.m.c.i.l.LifecycleMappingFactory - Using org.maven.ide.eclipse.wtp.WarLifecycleMapping lifecycle mapping for MavenProject: org.kmit:new1:0.0.1-SNAPSHOT @ C:\Users\T.Arvind\OneDrive\Desktop\new_web\new1\pom.xml.
2022-12-27 14:12:31,506 [Worker-28: Building] INFO  o.e.m.c.i.embedder.EclipseLogger - Using 'UTF-8' encoding to copy filtered resources.
2022-12-27 14:12:31,507 [Worker-28: Building] INFO  o.e.m.c.i.embedder.EclipseLogger - skip non existing resourceDirectory C:\Users\T.Arvind\OneDrive\Desktop\new_web\new1\src\main\resources
2022-12-27 14:12:31,514 [Worker-28: Building] INFO  o.e.m.c.i.embedder.EclipseLogger - Using 'UTF-8' encoding to copy filtered resources.
2022-12-27 14:12:31,514 [Worker-28: Building] INFO  o.e.m.c.i.embedder.EclipseLogger - skip non existing resourceDirectory C:\Users\T.Arvind\OneDrive\Desktop\new_web\new1\src\test\resources
2022-12-27 14:12:31,515 [Worker-28: Building] INFO  o.e.m.w.i.f.ResourceFilteringBuildParticipant - Changed resources require a complete clean of filtered resources of new1
2022-12-27 14:12:31,517 [Worker-28: Building] INFO  o.e.m.w.i.f.ResourceFilteringBuildParticipant - Executing resource filtering for new1
2022-12-27 14:12:31,525 [Worker-28: Building] INFO  o.e.m.c.i.embedder.EclipseLogger - Using 'UTF-8' encoding to copy filtered resources.
2022-12-27 14:12:34,975 [Worker-30: Download sources and javadoc] INFO  o.e.m.c.i.e.AbstractTransferListenerAdapter - Downloading https://repo.maven.apache.org/maven2/javax/servlet/servlet-api/2.5/servlet-api-2.5-sources.jar
2022-12-27 14:12:35,594 [Worker-30: Download sources and javadoc] INFO  o.e.m.c.i.e.AbstractTransferListenerAdapter - Downloaded https://repo.maven.apache.org/maven2/javax/servlet/servlet-api/2.5/servlet-api-2.5-sources.jar
2022-12-27 14:12:35,599 [Worker-30: Download sources and javadoc] INFO  o.e.m.j.internal.DownloadSourcesJob - Downloaded sources for javax.servlet:servlet-api:2.5
2022-12-27 14:12:35,781 [Worker-31: Building] INFO  o.e.m.c.i.embedder.EclipseLogger - Using 'UTF-8' encoding to copy filtered resources.
2022-12-27 14:12:35,782 [Worker-31: Building] INFO  o.e.m.c.i.embedder.EclipseLogger - skip non existing resourceDirectory C:\Users\T.Arvind\OneDrive\Desktop\new_web\new1\src\main\resources
2022-12-27 14:12:35,786 [Worker-31: Building] INFO  o.e.m.c.i.embedder.EclipseLogger - Using 'UTF-8' encoding to copy filtered resources.
2022-12-27 14:12:35,787 [Worker-31: Building] INFO  o.e.m.c.i.embedder.EclipseLogger - skip non existing resourceDirectory C:\Users\T.Arvind\OneDrive\Desktop\new_web\new1\src\test\resources
2022-12-27 14:12:48,322 [Worker-27: Launching Executing clean in C__Users_T.Arvind_OneDrive_Desktop_new_web_new1] INFO  o.e.m.i.launch.MavenLaunchDelegate - C:\Users\T.Arvind\OneDrive\Desktop\new_web\new1
2022-12-27 14:12:48,322 [Worker-27: Launching Executing clean in C__Users_T.Arvind_OneDrive_Desktop_new_web_new1] INFO  o.e.m.i.launch.MavenLaunchDelegate -  mvn -B -Dstyle.color=always clean
2022-12-27 14:12:51,410 [Worker-30: Building] INFO  o.e.m.c.i.embedder.EclipseLogger - Using 'UTF-8' encoding to copy filtered resources.
2022-12-27 14:12:51,411 [Worker-30: Building] INFO  o.e.m.c.i.embedder.EclipseLogger - skip non existing resourceDirectory C:\Users\T.Arvind\OneDrive\Desktop\new_web\new1\src\main\resources
2022-12-27 14:12:51,416 [Worker-30: Building] INFO  o.e.m.c.i.embedder.EclipseLogger - Using 'UTF-8' encoding to copy filtered resources.
2022-12-27 14:12:51,417 [Worker-30: Building] INFO  o.e.m.c.i.embedder.EclipseLogger - skip non existing resourceDirectory C:\Users\T.Arvind\OneDrive\Desktop\new_web\new1\src\test\resources
2022-12-27 14:12:51,417 [Worker-30: Building] INFO  o.e.m.w.i.f.ResourceFilteringBuildParticipant - Changed resources require a complete clean of filtered resources of new1
2022-12-27 14:12:51,417 [Worker-30: Building] INFO  o.e.m.w.i.f.ResourceFilteringBuildParticipant - Executing resource filtering for new1
2022-12-27 14:12:51,423 [Worker-30: Building] INFO  o.e.m.c.i.embedder.EclipseLogger - Using 'UTF-8' encoding to copy filtered resources.
2022-12-27 14:13:23,622 [main] INFO  o.e.m2e.actions.ExecutePomAction - Creating new launch configuration
2022-12-27 14:13:32,059 [Worker-27: Launching new1] INFO  o.e.m.i.launch.MavenLaunchDelegate - C:\Users\T.Arvind\OneDrive\Desktop\new_web\new1
2022-12-27 14:13:32,060 [Worker-27: Launching new1] INFO  o.e.m.i.launch.MavenLaunchDelegate -  mvn -B -Dstyle.color=always clean install build
2022-12-27 14:14:45,622 [Worker-30: Launching Executing clean in C__Users_T.Arvind_OneDrive_Desktop_new_web_new1] INFO  o.e.m.i.launch.MavenLaunchDelegate - C:\Users\T.Arvind\OneDrive\Desktop\new_web\new1
2022-12-27 14:14:45,623 [Worker-30: Launching Executing clean in C__Users_T.Arvind_OneDrive_Desktop_new_web_new1] INFO  o.e.m.i.launch.MavenLaunchDelegate -  mvn -B -Dstyle.color=always clean
2022-12-27 14:14:48,494 [Worker-29: Building] INFO  o.e.m.c.i.embedder.EclipseLogger - Using 'UTF-8' encoding to copy filtered resources.
2022-12-27 14:14:48,495 [Worker-29: Building] INFO  o.e.m.c.i.embedder.EclipseLogger - skip non existing resourceDirectory C:\Users\T.Arvind\OneDrive\Desktop\new_web\new1\src\main\resources
2022-12-27 14:14:48,502 [Worker-29: Building] INFO  o.e.m.c.i.embedder.EclipseLogger - Using 'UTF-8' encoding to copy filtered resources.
2022-12-27 14:14:48,503 [Worker-29: Building] INFO  o.e.m.c.i.embedder.EclipseLogger - skip non existing resourceDirectory C:\Users\T.Arvind\OneDrive\Desktop\new_web\new1\src\test\resources
2022-12-27 14:14:48,504 [Worker-29: Building] INFO  o.e.m.w.i.f.ResourceFilteringBuildParticipant - Changed resources require a complete clean of filtered resources of new1
2022-12-27 14:14:48,504 [Worker-29: Building] INFO  o.e.m.w.i.f.ResourceFilteringBuildParticipant - Executing resource filtering for new1
2022-12-27 14:14:48,512 [Worker-29: Building] INFO  o.e.m.c.i.embedder.EclipseLogger - Using 'UTF-8' encoding to copy filtered resources.
2022-12-27 14:14:55,006 [Worker-32: Launching Executing install in C__Users_T.Arvind_OneDrive_Desktop_new_web_new1] INFO  o.e.m.i.launch.MavenLaunchDelegate - C:\Users\T.Arvind\OneDrive\Desktop\new_web\new1
2022-12-27 14:14:55,007 [Worker-32: Launching Executing install in C__Users_T.Arvind_OneDrive_Desktop_new_web_new1] INFO  o.e.m.i.launch.MavenLaunchDelegate -  mvn -B -Dstyle.color=always install
2022-12-27 14:15:00,162 [Worker-29: Building] INFO  o.e.m.c.i.embedder.EclipseLogger - Using 'UTF-8' encoding to copy filtered resources.
2022-12-27 14:15:00,162 [Worker-29: Building] INFO  o.e.m.c.i.embedder.EclipseLogger - skip non existing resourceDirectory C:\Users\T.Arvind\OneDrive\Desktop\new_web\new1\src\main\resources
2022-12-27 14:15:00,164 [Worker-29: Building] INFO  o.e.m.c.i.embedder.EclipseLogger - Using 'UTF-8' encoding to copy filtered resources.
2022-12-27 14:15:00,164 [Worker-29: Building] INFO  o.e.m.c.i.embedder.EclipseLogger - skip non existing resourceDirectory C:\Users\T.Arvind\OneDrive\Desktop\new_web\new1\src\test\resources
2022-12-27 14:15:06,015 [main] INFO  o.e.m2e.actions.ExecutePomAction - Using existing launch configuration
2022-12-27 14:15:06,101 [Worker-29: Launching new1] INFO  o.e.m.i.launch.MavenLaunchDelegate - C:\Users\T.Arvind\OneDrive\Desktop\new_web\new1
2022-12-27 14:15:06,101 [Worker-29: Launching new1] INFO  o.e.m.i.launch.MavenLaunchDelegate -  mvn -B -Dstyle.color=always clean install build
2022-12-27 14:16:59,361 [main] INFO  o.e.m2e.actions.ExecutePomAction - Creating new launch configuration
2022-12-27 14:17:12,051 [Worker-32: Launching new1 (1)] INFO  o.e.m.i.launch.MavenLaunchDelegate - C:\Users\T.Arvind\OneDrive\Desktop\new_web\new1
2022-12-27 14:17:12,052 [Worker-32: Launching new1 (1)] INFO  o.e.m.i.launch.MavenLaunchDelegate -  mvn -B -Dstyle.color=always clean install test
2022-12-27 14:17:32,008 [Worker-35: Building] INFO  o.e.m.c.i.embedder.EclipseLogger - Using 'UTF-8' encoding to copy filtered resources.
2022-12-27 14:17:32,008 [Worker-35: Building] INFO  o.e.m.c.i.embedder.EclipseLogger - skip non existing resourceDirectory C:\Users\T.Arvind\OneDrive\Desktop\new_web\new1\src\main\resources
2022-12-27 14:17:32,012 [Worker-35: Building] INFO  o.e.m.c.i.embedder.EclipseLogger - Using 'UTF-8' encoding to copy filtered resources.
2022-12-27 14:17:32,012 [Worker-35: Building] INFO  o.e.m.c.i.embedder.EclipseLogger - skip non existing resourceDirectory C:\Users\T.Arvind\OneDrive\Desktop\new_web\new1\src\test\resources
